<?xml version="1.0" encoding="UTF-8"?>
<testsuite xmlns:xsi="http://www.w3.org/2001/XMLSchema-instance" xsi:schemaLocation="https://maven.apache.org/surefire/maven-surefire-plugin/xsd/surefire-test-report.xsd" name="com.uiautomation.runners.GoogleSearchTest" time="64.806" tests="3" errors="3" skipped="0" failures="0">
  <properties>
[...]
</properties>
  <testcase name="Google search" classname="Google search" time="20.23">
    <error message="Could not instantiate class org.openqa.selenium.chrome.ChromeDriver" type="net.thucydides.core.webdriver.UnsupportedDriverException">net.thucydides.core.webdriver.UnsupportedDriverException: Could not instantiate class org.openqa.selenium.chrome.ChromeDriver
Caused by: net.thucydides.core.webdriver.UnsupportedDriverException: 
Could not instantiate new WebDriver instance of type class org.openqa.selenium.chrome.ChromeDriver (Timed out waiting for driver server to start.
Build info: version: '3.7.1', revision: '8a0099a', time: '2017-11-06T21:01:39.354Z'
System info: host: 'DVTPL001', ip: '10.48.113.3', os.name: 'Windows 7', os.arch: 'amd64', os.version: '6.1', java.version: '1.8.0_201'
Driver info: driver.version: unknown
Caused by: org.openqa.selenium.WebDriverException: 
Timed out waiting for driver server to start.
Build info: version: '3.7.1', revision: '8a0099a', time: '2017-11-06T21:01:39.354Z'
System info: host: 'DVTPL001', ip: '10.48.113.3', os.name: 'Windows 7', os.arch: 'amd64', os.version: '6.1', java.version: '1.8.0_201'
Driver info: driver.version: unknown
Caused by: org.openqa.selenium.net.UrlChecker$TimeoutException: Timed out waiting for [http://localhost:29653/status] to be available after 20001 ms
Caused by: java.util.concurrent.TimeoutException
</error>
    <system-out><![CDATA[
&amp#27;[31mFailed scenarios:&amp#27;[0m
&amp#27;[31msrc/test/resources/features/api/registeruser.feature:3 &amp#27;[0m# Register user for https://reqres.in/ using valid details

1 Scenarios (&amp#27;[31m1 failed&amp#27;[0m)
4 Steps (&amp#27;[31m1 failed&amp#27;[0m, &amp#27;[36m1 skipped&amp#27;[0m, &amp#27;[32m2 passed&amp#27;[0m)
0m13,988s

java.lang.AssertionError: Verify Status code for Order Api 
Expected: <201>
     but: was <400>
	at org.hamcrest.MatcherAssert.assertThat(MatcherAssert.java:20)
	at com.uiautomation.apisteps.RegisterUserSteps.register_API_should_have_status_code_as_and_content_type_as_JSON(RegisterUserSteps.java:37)
	at ?.register API should have status code as 201 and content-type as JSON(src/test/resources/features/api/registeruser.feature:6)

]]></system-out>
    <system-err><![CDATA[[main] ERROR net.serenitybdd.core.Serenity - 
           __  _____ _____ ____ _____   _____ _    ___ _     _____ ____  
  _       / / |_   _| ____/ ___|_   _| |  ___/ \  |_ _| |   | ____|  _ \ 
 (_)_____| |    | | |  _| \___ \ | |   | |_ / _ \  | || |   |  _| | | | |
  _|_____| |    | | | |___ ___) || |   |  _/ ___ \ | || |___| |___| |_| |
 (_)     | |    |_| |_____|____/ |_|   |_|/_/   \_\___|_____|_____|____/ 
          \_\                                                            

TEST FAILED: Register user for https
--------------------------------------------------------------------------
[main] ERROR net.serenitybdd.core.Serenity - TEST FAILED AT STEP Then register API should have status code as 201 and content-type as JSON
[main] ERROR net.serenitybdd.core.Serenity - Verify Status code for Order Api Expected: <201> but: was <400>
[main] INFO net.serenitybdd.core.Serenity - Test Suite Started: Google search
[main] INFO net.serenitybdd.core.Serenity - 
 _____ _____ ____ _____   ____ _____  _    ____ _____ _____ ____  
|_   _| ____/ ___|_   _| / ___|_   _|/ \  |  _ \_   _| ____|  _ \ 
  | | |  _| \___ \ | |   \___ \ | | / _ \ | |_) || | |  _| | | | |
  | | | |___ ___) || |    ___) || |/ ___ \|  _ < | | | |___| |_| |
  |_| |_____|____/ |_|   |____/ |_/_/   \_\_| \_\|_| |_____|____/ 
                                                                  

TEST STARTED: Google search
-------------------------------------------------------------------(google-search;google-search)
cze 27, 2019 11:57:57 AM org.openqa.selenium.os.OsProcess checkForError
SEVERE: org.apache.commons.exec.ExecuteException: Execution failed (Exit value: -559038737. Caused by java.io.IOException: Cannot run program "C:\Users\r.torskyi\Downloads\selenium-bdd-cucumber-master\lib\chromedriver" (in directory "."): CreateProcess error=193, %1 nie jest prawidłową aplikacją systemu Win32)
[main] ERROR net.thucydides.core.webdriver.WebDriverFacade - FAILED TO CREATE NEW WEBDRIVER_DRIVER INSTANCE class org.openqa.selenium.chrome.ChromeDriver: Could not instantiate new WebDriver instance of type class org.openqa.selenium.chrome.ChromeDriver (Timed out waiting for driver server to start.
Build info: version: '3.7.1', revision: '8a0099a', time: '2017-11-06T21:01:39.354Z'
System info: host: 'DVTPL001', ip: '10.48.113.3', os.name: 'Windows 7', os.arch: 'amd64', os.version: '6.1', java.version: '1.8.0_201'
Driver info: driver.version: unknown
net.thucydides.core.webdriver.UnsupportedDriverException: Could not instantiate new WebDriver instance of type class org.openqa.selenium.chrome.ChromeDriver (Timed out waiting for driver server to start.
Build info: version: '3.7.1', revision: '8a0099a', time: '2017-11-06T21:01:39.354Z'
System info: host: 'DVTPL001', ip: '10.48.113.3', os.name: 'Windows 7', os.arch: 'amd64', os.version: '6.1', java.version: '1.8.0_201'
Driver info: driver.version: unknown
	at net.thucydides.core.webdriver.WebDriverFactory.newWebdriverInstance(WebDriverFactory.java:133)
	at net.thucydides.core.webdriver.WebDriverFacade.newDriverInstance(WebDriverFacade.java:153)
	at net.thucydides.core.webdriver.WebDriverFacade.newProxyDriver(WebDriverFacade.java:144)
	at net.thucydides.core.webdriver.WebDriverFacade.getProxiedDriver(WebDriverFacade.java:114)
	at net.thucydides.core.webdriver.WebDriverFacade.openIgnoringHtmlUnitScriptErrors(WebDriverFacade.java:189)
	at net.thucydides.core.webdriver.WebDriverFacade.get(WebDriverFacade.java:184)
	at net.serenitybdd.core.pages.PageObject.openPageAtUrl(PageObject.java:838)
	at net.serenitybdd.core.pages.PageObject.open(PageObject.java:742)
	at net.serenitybdd.core.pages.PageObject.open(PageObject.java:730)
	at com.uiautomation.actions.GoogleSearchActions.openGoogleSearchPage(GoogleSearchActions.java:16)
	at com.uiautomation.actions.GoogleSearchActions$$EnhancerByCGLIB$$6e462a0b.CGLIB$openGoogleSearchPage$2(<generated>)
	at com.uiautomation.actions.GoogleSearchActions$$EnhancerByCGLIB$$6e462a0b$$FastClassByCGLIB$$e8c897c3.invoke(<generated>)
	at net.sf.cglib.proxy.MethodProxy.invokeSuper(MethodProxy.java:228)
	at net.thucydides.core.steps.StepInterceptor.invokeMethod(StepInterceptor.java:426)
	at net.thucydides.core.steps.StepInterceptor.executeTestStepMethod(StepInterceptor.java:411)
	at net.thucydides.core.steps.StepInterceptor.runTestStep(StepInterceptor.java:386)
	at net.thucydides.core.steps.StepInterceptor.testStepResult(StepInterceptor.java:134)
	at net.thucydides.core.steps.StepInterceptor.intercept(StepInterceptor.java:63)
	at com.uiautomation.actions.GoogleSearchActions$$EnhancerByCGLIB$$6e462a0b.openGoogleSearchPage(<generated>)
	at com.uiautomation.steps.GoogleSearchStep.iWantToSearchInGoogle(GoogleSearchStep.java:16)
	at sun.reflect.NativeMethodAccessorImpl.invoke0(Native Method)
	at sun.reflect.NativeMethodAccessorImpl.invoke(NativeMethodAccessorImpl.java:62)
	at sun.reflect.DelegatingMethodAccessorImpl.invoke(DelegatingMethodAccessorImpl.java:43)
	at java.lang.reflect.Method.invoke(Method.java:498)
	at cucumber.runtime.Utils$1.call(Utils.java:32)
	at cucumber.runtime.Timeout.timeout(Timeout.java:16)
	at cucumber.runtime.Utils.invoke(Utils.java:26)
	at cucumber.runtime.java.JavaStepDefinition.execute(JavaStepDefinition.java:37)
	at cucumber.runtime.StepDefinitionMatch.runStep(StepDefinitionMatch.java:40)
	at cucumber.api.TestStep.executeStep(TestStep.java:102)
	at cucumber.api.TestStep.run(TestStep.java:83)
	at cucumber.api.TestCase.run(TestCase.java:58)
	at cucumber.runner.Runner.runPickle(Runner.java:80)
	at cucumber.runtime.junit.PickleRunners$NoStepDescriptions.run(PickleRunners.java:140)
	at cucumber.runtime.junit.FeatureRunner.runChild(FeatureRunner.java:68)
	at cucumber.runtime.junit.FeatureRunner.runChild(FeatureRunner.java:23)
	at org.junit.runners.ParentRunner$3.run(ParentRunner.java:290)
	at org.junit.runners.ParentRunner$1.schedule(ParentRunner.java:71)
	at org.junit.runners.ParentRunner.runChildren(ParentRunner.java:288)
	at org.junit.runners.ParentRunner.access$000(ParentRunner.java:58)
	at org.junit.runners.ParentRunner$2.evaluate(ParentRunner.java:268)
	at org.junit.runners.ParentRunner.run(ParentRunner.java:363)
	at cucumber.runtime.junit.FeatureRunner.run(FeatureRunner.java:73)
	at cucumber.api.junit.Cucumber.runChild(Cucumber.java:99)
	at cucumber.api.junit.Cucumber.runChild(Cucumber.java:41)
	at org.junit.runners.ParentRunner$3.run(ParentRunner.java:290)
	at org.junit.runners.ParentRunner$1.schedule(ParentRunner.java:71)
	at org.junit.runners.ParentRunner.runChildren(ParentRunner.java:288)
	at org.junit.runners.ParentRunner.access$000(ParentRunner.java:58)
	at org.junit.runners.ParentRunner$2.evaluate(ParentRunner.java:268)
	at cucumber.api.junit.Cucumber$1.evaluate(Cucumber.java:108)
	at org.junit.runners.ParentRunner.run(ParentRunner.java:363)
	at org.apache.maven.surefire.junit4.JUnit4Provider.execute(JUnit4Provider.java:367)
	at org.apache.maven.surefire.junit4.JUnit4Provider.executeWithRerun(JUnit4Provider.java:274)
	at org.apache.maven.surefire.junit4.JUnit4Provider.executeTestSet(JUnit4Provider.java:238)
	at org.apache.maven.surefire.junit4.JUnit4Provider.invoke(JUnit4Provider.java:161)
	at org.apache.maven.surefire.booter.ForkedBooter.invokeProviderInSameClassLoader(ForkedBooter.java:290)
	at org.apache.maven.surefire.booter.ForkedBooter.runSuitesInProcess(ForkedBooter.java:242)
	at org.apache.maven.surefire.booter.ForkedBooter.main(ForkedBooter.java:121)
Caused by: org.openqa.selenium.WebDriverException: Timed out waiting for driver server to start.
Build info: version: '3.7.1', revision: '8a0099a', time: '2017-11-06T21:01:39.354Z'
System info: host: 'DVTPL001', ip: '10.48.113.3', os.name: 'Windows 7', os.arch: 'amd64', os.version: '6.1', java.version: '1.8.0_201'
Driver info: driver.version: unknown
	at org.openqa.selenium.remote.service.DriverService.waitUntilAvailable(DriverService.java:192)
	at org.openqa.selenium.remote.service.DriverService.start(DriverService.java:178)
	at net.serenitybdd.core.webdriver.servicepools.DriverServicePool.start(DriverServicePool.java:61)
	at net.serenitybdd.core.webdriver.servicepools.DriverServicePool.ensureServiceIsRunning(DriverServicePool.java:86)
	at net.serenitybdd.core.webdriver.driverproviders.ChromeDriverProvider.getDriverServicePool(ChromeDriverProvider.java:29)
	at net.serenitybdd.core.webdriver.driverproviders.ChromeDriverProvider.newInstance(ChromeDriverProvider.java:48)
	at net.thucydides.core.webdriver.WebDriverFactory.newWebdriverInstance(WebDriverFactory.java:123)
	... 58 more
Caused by: org.openqa.selenium.net.UrlChecker$TimeoutException: Timed out waiting for [http://localhost:29653/status] to be available after 20001 ms
	at org.openqa.selenium.net.UrlChecker.waitUntilAvailable(UrlChecker.java:100)
	at org.openqa.selenium.remote.service.DriverService.waitUntilAvailable(DriverService.java:187)
	... 64 more
Caused by: java.util.concurrent.TimeoutException
	at java.util.concurrent.FutureTask.get(FutureTask.java:205)
	at com.google.common.util.concurrent.SimpleTimeLimiter.callWithTimeout(SimpleTimeLimiter.java:147)
	at org.openqa.selenium.net.UrlChecker.waitUntilAvailable(UrlChecker.java:75)
	... 65 more
[main] ERROR net.serenitybdd.core.Serenity - 
           __  _____ _____ ____ _____   _____ _    ___ _     _____ ____  
  _       / / |_   _| ____/ ___|_   _| |  ___/ \  |_ _| |   | ____|  _ \ 
 (_)_____| |    | | |  _| \___ \ | |   | |_ / _ \  | || |   |  _| | | | |
  _|_____| |    | | | |___ ___) || |   |  _/ ___ \ | || |___| |___| |_| |
 (_)     | |    |_| |_____|____/ |_|   |_|/_/   \_\___|_____|_____|____/ 
          \_\                                                            

TEST FAILED WITH ERROR: Google search
---------------------------------------------------------------------
[main] ERROR net.serenitybdd.core.Serenity - TEST FAILED AT STEP Open google search page
[main] ERROR net.serenitybdd.core.Serenity - Could not instantiate new WebDriver instance of type class org.openqa.selenium.chrome.ChromeDriver (Timed out waiting for driver server to start.
]]></system-err>
  </testcase>
  <testcase name="Google search multiple" classname="Google search" time="22.275">
    <error message="Could not instantiate class org.openqa.selenium.chrome.ChromeDriver" type="net.thucydides.core.webdriver.UnsupportedDriverException">net.thucydides.core.webdriver.UnsupportedDriverException: Could not instantiate class org.openqa.selenium.chrome.ChromeDriver
Caused by: net.thucydides.core.webdriver.UnsupportedDriverException: 
Could not instantiate new WebDriver instance of type class org.openqa.selenium.chrome.ChromeDriver (Timed out waiting for driver server to start.
Build info: version: '3.7.1', revision: '8a0099a', time: '2017-11-06T21:01:39.354Z'
System info: host: 'DVTPL001', ip: '10.48.113.3', os.name: 'Windows 7', os.arch: 'amd64', os.version: '6.1', java.version: '1.8.0_201'
Driver info: driver.version: ChromeDriver
Caused by: org.openqa.selenium.WebDriverException: 
Timed out waiting for driver server to start.
Build info: version: '3.7.1', revision: '8a0099a', time: '2017-11-06T21:01:39.354Z'
System info: host: 'DVTPL001', ip: '10.48.113.3', os.name: 'Windows 7', os.arch: 'amd64', os.version: '6.1', java.version: '1.8.0_201'
Driver info: driver.version: ChromeDriver
Caused by: org.openqa.selenium.net.UrlChecker$TimeoutException: Timed out waiting for [http://localhost:12193/status] to be available after 20000 ms
Caused by: java.util.concurrent.TimeoutException
</error>
    <system-err><![CDATA[[main] ERROR net.serenitybdd.core.Serenity - 
           __  _____ _____ ____ _____   _____ _    ___ _     _____ ____  
  _       / / |_   _| ____/ ___|_   _| |  ___/ \  |_ _| |   | ____|  _ \ 
 (_)_____| |    | | |  _| \___ \ | |   | |_ / _ \  | || |   |  _| | | | |
  _|_____| |    | | | |___ ___) || |   |  _/ ___ \ | || |___| |___| |_| |
 (_)     | |    |_| |_____|____/ |_|   |_|/_/   \_\___|_____|_____|____/ 
          \_\                                                            

TEST FAILED WITH ERROR: Google search
---------------------------------------------------------------------
[main] ERROR net.serenitybdd.core.Serenity - TEST FAILED AT STEP Open google search page
[main] ERROR net.serenitybdd.core.Serenity - Could not instantiate new WebDriver instance of type class org.openqa.selenium.chrome.ChromeDriver (Timed out waiting for driver server to start.
[main] INFO net.serenitybdd.core.Serenity - 
 _____ _____ ____ _____   ____ _____  _    ____ _____ _____ ____  
|_   _| ____/ ___|_   _| / ___|_   _|/ \  |  _ \_   _| ____|  _ \ 
  | | |  _| \___ \ | |   \___ \ | | / _ \ | |_) || | |  _| | | | |
  | | | |___ ___) || |    ___) || |/ ___ \|  _ < | | | |___| |_| |
  |_| |_____|____/ |_|   |____/ |_/_/   \_\_| \_\|_| |_____|____/ 
                                                                  

TEST STARTED: Google search multiple
-------------------------------------------------------------------(google-search;google-search-multiple)
[main] WARN net.serenitybdd.core.webdriver.servicepools.ChromeServicePool - Remote driver creation failed (Could not start a new session. Possible causes are invalid address of the remote server or browser start-up failure.), falling back on default driver creation
cze 27, 2019 11:58:20 AM org.openqa.selenium.os.OsProcess checkForError
SEVERE: org.apache.commons.exec.ExecuteException: Execution failed (Exit value: -559038737. Caused by java.io.IOException: Cannot run program "C:\Users\r.torskyi\Downloads\selenium-bdd-cucumber-master\lib\chromedriver" (in directory "."): CreateProcess error=193, %1 nie jest prawidłową aplikacją systemu Win32)
[main] ERROR net.thucydides.core.webdriver.WebDriverFacade - FAILED TO CREATE NEW WEBDRIVER_DRIVER INSTANCE class org.openqa.selenium.chrome.ChromeDriver: Could not instantiate new WebDriver instance of type class org.openqa.selenium.chrome.ChromeDriver (Timed out waiting for driver server to start.
Build info: version: '3.7.1', revision: '8a0099a', time: '2017-11-06T21:01:39.354Z'
System info: host: 'DVTPL001', ip: '10.48.113.3', os.name: 'Windows 7', os.arch: 'amd64', os.version: '6.1', java.version: '1.8.0_201'
Driver info: driver.version: ChromeDriver
net.thucydides.core.webdriver.UnsupportedDriverException: Could not instantiate new WebDriver instance of type class org.openqa.selenium.chrome.ChromeDriver (Timed out waiting for driver server to start.
Build info: version: '3.7.1', revision: '8a0099a', time: '2017-11-06T21:01:39.354Z'
System info: host: 'DVTPL001', ip: '10.48.113.3', os.name: 'Windows 7', os.arch: 'amd64', os.version: '6.1', java.version: '1.8.0_201'
Driver info: driver.version: ChromeDriver
	at net.thucydides.core.webdriver.WebDriverFactory.newWebdriverInstance(WebDriverFactory.java:133)
	at net.thucydides.core.webdriver.WebDriverFacade.newDriverInstance(WebDriverFacade.java:153)
	at net.thucydides.core.webdriver.WebDriverFacade.newProxyDriver(WebDriverFacade.java:144)
	at net.thucydides.core.webdriver.WebDriverFacade.getProxiedDriver(WebDriverFacade.java:114)
	at net.thucydides.core.webdriver.WebDriverFacade.openIgnoringHtmlUnitScriptErrors(WebDriverFacade.java:189)
	at net.thucydides.core.webdriver.WebDriverFacade.get(WebDriverFacade.java:184)
	at net.serenitybdd.core.pages.PageObject.openPageAtUrl(PageObject.java:838)
	at net.serenitybdd.core.pages.PageObject.open(PageObject.java:742)
	at net.serenitybdd.core.pages.PageObject.open(PageObject.java:730)
	at com.uiautomation.actions.GoogleSearchActions.openGoogleSearchPage(GoogleSearchActions.java:16)
	at com.uiautomation.actions.GoogleSearchActions$$EnhancerByCGLIB$$6e462a0b.CGLIB$openGoogleSearchPage$2(<generated>)
	at com.uiautomation.actions.GoogleSearchActions$$EnhancerByCGLIB$$6e462a0b$$FastClassByCGLIB$$e8c897c3.invoke(<generated>)
	at net.sf.cglib.proxy.MethodProxy.invokeSuper(MethodProxy.java:228)
	at net.thucydides.core.steps.StepInterceptor.invokeMethod(StepInterceptor.java:426)
	at net.thucydides.core.steps.StepInterceptor.executeTestStepMethod(StepInterceptor.java:411)
	at net.thucydides.core.steps.StepInterceptor.runTestStep(StepInterceptor.java:386)
	at net.thucydides.core.steps.StepInterceptor.testStepResult(StepInterceptor.java:134)
	at net.thucydides.core.steps.StepInterceptor.intercept(StepInterceptor.java:63)
	at com.uiautomation.actions.GoogleSearchActions$$EnhancerByCGLIB$$6e462a0b.openGoogleSearchPage(<generated>)
	at com.uiautomation.steps.GoogleSearchStep.iWantToSearchInGoogle(GoogleSearchStep.java:16)
	at sun.reflect.NativeMethodAccessorImpl.invoke0(Native Method)
	at sun.reflect.NativeMethodAccessorImpl.invoke(NativeMethodAccessorImpl.java:62)
	at sun.reflect.DelegatingMethodAccessorImpl.invoke(DelegatingMethodAccessorImpl.java:43)
	at java.lang.reflect.Method.invoke(Method.java:498)
	at cucumber.runtime.Utils$1.call(Utils.java:32)
	at cucumber.runtime.Timeout.timeout(Timeout.java:16)
	at cucumber.runtime.Utils.invoke(Utils.java:26)
	at cucumber.runtime.java.JavaStepDefinition.execute(JavaStepDefinition.java:37)
	at cucumber.runtime.StepDefinitionMatch.runStep(StepDefinitionMatch.java:40)
	at cucumber.api.TestStep.executeStep(TestStep.java:102)
	at cucumber.api.TestStep.run(TestStep.java:83)
	at cucumber.api.TestCase.run(TestCase.java:58)
	at cucumber.runner.Runner.runPickle(Runner.java:80)
	at cucumber.runtime.junit.PickleRunners$NoStepDescriptions.run(PickleRunners.java:140)
	at cucumber.runtime.junit.FeatureRunner.runChild(FeatureRunner.java:68)
	at cucumber.runtime.junit.FeatureRunner.runChild(FeatureRunner.java:23)
	at org.junit.runners.ParentRunner$3.run(ParentRunner.java:290)
	at org.junit.runners.ParentRunner$1.schedule(ParentRunner.java:71)
	at org.junit.runners.ParentRunner.runChildren(ParentRunner.java:288)
	at org.junit.runners.ParentRunner.access$000(ParentRunner.java:58)
	at org.junit.runners.ParentRunner$2.evaluate(ParentRunner.java:268)
	at org.junit.runners.ParentRunner.run(ParentRunner.java:363)
	at cucumber.runtime.junit.FeatureRunner.run(FeatureRunner.java:73)
	at cucumber.api.junit.Cucumber.runChild(Cucumber.java:99)
	at cucumber.api.junit.Cucumber.runChild(Cucumber.java:41)
	at org.junit.runners.ParentRunner$3.run(ParentRunner.java:290)
	at org.junit.runners.ParentRunner$1.schedule(ParentRunner.java:71)
	at org.junit.runners.ParentRunner.runChildren(ParentRunner.java:288)
	at org.junit.runners.ParentRunner.access$000(ParentRunner.java:58)
	at org.junit.runners.ParentRunner$2.evaluate(ParentRunner.java:268)
	at cucumber.api.junit.Cucumber$1.evaluate(Cucumber.java:108)
	at org.junit.runners.ParentRunner.run(ParentRunner.java:363)
	at org.apache.maven.surefire.junit4.JUnit4Provider.execute(JUnit4Provider.java:367)
	at org.apache.maven.surefire.junit4.JUnit4Provider.executeWithRerun(JUnit4Provider.java:274)
	at org.apache.maven.surefire.junit4.JUnit4Provider.executeTestSet(JUnit4Provider.java:238)
	at org.apache.maven.surefire.junit4.JUnit4Provider.invoke(JUnit4Provider.java:161)
	at org.apache.maven.surefire.booter.ForkedBooter.invokeProviderInSameClassLoader(ForkedBooter.java:290)
	at org.apache.maven.surefire.booter.ForkedBooter.runSuitesInProcess(ForkedBooter.java:242)
	at org.apache.maven.surefire.booter.ForkedBooter.main(ForkedBooter.java:121)
Caused by: org.openqa.selenium.WebDriverException: Timed out waiting for driver server to start.
Build info: version: '3.7.1', revision: '8a0099a', time: '2017-11-06T21:01:39.354Z'
System info: host: 'DVTPL001', ip: '10.48.113.3', os.name: 'Windows 7', os.arch: 'amd64', os.version: '6.1', java.version: '1.8.0_201'
Driver info: driver.version: ChromeDriver
	at org.openqa.selenium.remote.service.DriverService.waitUntilAvailable(DriverService.java:192)
	at org.openqa.selenium.remote.service.DriverService.start(DriverService.java:178)
	at org.openqa.selenium.remote.service.DriverCommandExecutor.execute(DriverCommandExecutor.java:79)
	at org.openqa.selenium.remote.RemoteWebDriver.execute(RemoteWebDriver.java:600)
	at org.openqa.selenium.remote.RemoteWebDriver.startSession(RemoteWebDriver.java:219)
	at org.openqa.selenium.remote.RemoteWebDriver.<init>(RemoteWebDriver.java:142)
	at org.openqa.selenium.chrome.ChromeDriver.<init>(ChromeDriver.java:181)
	at org.openqa.selenium.chrome.ChromeDriver.<init>(ChromeDriver.java:147)
	at net.serenitybdd.core.webdriver.servicepools.ChromeServicePool.newDriverInstance(ChromeServicePool.java:19)
	at net.serenitybdd.core.webdriver.servicepools.DriverServicePool.newDriver(DriverServicePool.java:77)
	at net.serenitybdd.core.webdriver.driverproviders.ChromeDriverProvider.newInstance(ChromeDriverProvider.java:48)
	at net.thucydides.core.webdriver.WebDriverFactory.newWebdriverInstance(WebDriverFactory.java:123)
	... 58 more
Caused by: org.openqa.selenium.net.UrlChecker$TimeoutException: Timed out waiting for [http://localhost:12193/status] to be available after 20000 ms
	at org.openqa.selenium.net.UrlChecker.waitUntilAvailable(UrlChecker.java:100)
	at org.openqa.selenium.remote.service.DriverService.waitUntilAvailable(DriverService.java:187)
	... 69 more
Caused by: java.util.concurrent.TimeoutException
	at java.util.concurrent.FutureTask.get(FutureTask.java:205)
	at com.google.common.util.concurrent.SimpleTimeLimiter.callWithTimeout(SimpleTimeLimiter.java:147)
	at org.openqa.selenium.net.UrlChecker.waitUntilAvailable(UrlChecker.java:75)
	... 70 more
[main] ERROR net.serenitybdd.core.Serenity - 
           __  _____ _____ ____ _____   _____ _    ___ _     _____ ____  
  _       / / |_   _| ____/ ___|_   _| |  ___/ \  |_ _| |   | ____|  _ \ 
 (_)_____| |    | | |  _| \___ \ | |   | |_ / _ \  | || |   |  _| | | | |
  _|_____| |    | | | |___ ___) || |   |  _/ ___ \ | || |___| |___| |_| |
 (_)     | |    |_| |_____|____/ |_|   |_|/_/   \_\___|_____|_____|____/ 
          \_\                                                            

TEST FAILED WITH ERROR: Google search multiple
---------------------------------------------------------------------
[main] ERROR net.serenitybdd.core.Serenity - TEST FAILED AT STEP Open google search page
[main] ERROR net.serenitybdd.core.Serenity - Could not instantiate new WebDriver instance of type class org.openqa.selenium.chrome.ChromeDriver (Timed out waiting for driver server to start.
]]></system-err>
  </testcase>
  <testcase name="Google search multiple" classname="Google search" time="22.198">
    <error message="Could not instantiate class org.openqa.selenium.chrome.ChromeDriver" type="net.thucydides.core.webdriver.UnsupportedDriverException">net.thucydides.core.webdriver.UnsupportedDriverException: Could not instantiate class org.openqa.selenium.chrome.ChromeDriver
Caused by: net.thucydides.core.webdriver.UnsupportedDriverException: 
Could not instantiate new WebDriver instance of type class org.openqa.selenium.chrome.ChromeDriver (Timed out waiting for driver server to start.
Build info: version: '3.7.1', revision: '8a0099a', time: '2017-11-06T21:01:39.354Z'
System info: host: 'DVTPL001', ip: '10.48.113.3', os.name: 'Windows 7', os.arch: 'amd64', os.version: '6.1', java.version: '1.8.0_201'
Driver info: driver.version: ChromeDriver
Caused by: org.openqa.selenium.WebDriverException: 
Timed out waiting for driver server to start.
Build info: version: '3.7.1', revision: '8a0099a', time: '2017-11-06T21:01:39.354Z'
System info: host: 'DVTPL001', ip: '10.48.113.3', os.name: 'Windows 7', os.arch: 'amd64', os.version: '6.1', java.version: '1.8.0_201'
Driver info: driver.version: ChromeDriver
Caused by: org.openqa.selenium.net.UrlChecker$TimeoutException: Timed out waiting for [http://localhost:12541/status] to be available after 20000 ms
Caused by: java.util.concurrent.TimeoutException
</error>
    <system-err><![CDATA[[main] ERROR net.serenitybdd.core.Serenity - 
           __  _____ _____ ____ _____   _____ _    ___ _     _____ ____  
  _       / / |_   _| ____/ ___|_   _| |  ___/ \  |_ _| |   | ____|  _ \ 
 (_)_____| |    | | |  _| \___ \ | |   | |_ / _ \  | || |   |  _| | | | |
  _|_____| |    | | | |___ ___) || |   |  _/ ___ \ | || |___| |___| |_| |
 (_)     | |    |_| |_____|____/ |_|   |_|/_/   \_\___|_____|_____|____/ 
          \_\                                                            

TEST FAILED WITH ERROR: Google search multiple
---------------------------------------------------------------------
[main] ERROR net.serenitybdd.core.Serenity - TEST FAILED AT STEP Open google search page
[main] ERROR net.serenitybdd.core.Serenity - Could not instantiate new WebDriver instance of type class org.openqa.selenium.chrome.ChromeDriver (Timed out waiting for driver server to start.
[main] WARN net.serenitybdd.core.webdriver.servicepools.ChromeServicePool - Remote driver creation failed (Could not start a new session. Possible causes are invalid address of the remote server or browser start-up failure.), falling back on default driver creation
cze 27, 2019 11:58:42 AM org.openqa.selenium.os.OsProcess checkForError
SEVERE: org.apache.commons.exec.ExecuteException: Execution failed (Exit value: -559038737. Caused by java.io.IOException: Cannot run program "C:\Users\r.torskyi\Downloads\selenium-bdd-cucumber-master\lib\chromedriver" (in directory "."): CreateProcess error=193, %1 nie jest prawidłową aplikacją systemu Win32)
[main] ERROR net.thucydides.core.webdriver.WebDriverFacade - FAILED TO CREATE NEW WEBDRIVER_DRIVER INSTANCE class org.openqa.selenium.chrome.ChromeDriver: Could not instantiate new WebDriver instance of type class org.openqa.selenium.chrome.ChromeDriver (Timed out waiting for driver server to start.
Build info: version: '3.7.1', revision: '8a0099a', time: '2017-11-06T21:01:39.354Z'
System info: host: 'DVTPL001', ip: '10.48.113.3', os.name: 'Windows 7', os.arch: 'amd64', os.version: '6.1', java.version: '1.8.0_201'
Driver info: driver.version: ChromeDriver
net.thucydides.core.webdriver.UnsupportedDriverException: Could not instantiate new WebDriver instance of type class org.openqa.selenium.chrome.ChromeDriver (Timed out waiting for driver server to start.
Build info: version: '3.7.1', revision: '8a0099a', time: '2017-11-06T21:01:39.354Z'
System info: host: 'DVTPL001', ip: '10.48.113.3', os.name: 'Windows 7', os.arch: 'amd64', os.version: '6.1', java.version: '1.8.0_201'
Driver info: driver.version: ChromeDriver
	at net.thucydides.core.webdriver.WebDriverFactory.newWebdriverInstance(WebDriverFactory.java:133)
	at net.thucydides.core.webdriver.WebDriverFacade.newDriverInstance(WebDriverFacade.java:153)
	at net.thucydides.core.webdriver.WebDriverFacade.newProxyDriver(WebDriverFacade.java:144)
	at net.thucydides.core.webdriver.WebDriverFacade.getProxiedDriver(WebDriverFacade.java:114)
	at net.thucydides.core.webdriver.WebDriverFacade.openIgnoringHtmlUnitScriptErrors(WebDriverFacade.java:189)
	at net.thucydides.core.webdriver.WebDriverFacade.get(WebDriverFacade.java:184)
	at net.serenitybdd.core.pages.PageObject.openPageAtUrl(PageObject.java:838)
	at net.serenitybdd.core.pages.PageObject.open(PageObject.java:742)
	at net.serenitybdd.core.pages.PageObject.open(PageObject.java:730)
	at com.uiautomation.actions.GoogleSearchActions.openGoogleSearchPage(GoogleSearchActions.java:16)
	at com.uiautomation.actions.GoogleSearchActions$$EnhancerByCGLIB$$6e462a0b.CGLIB$openGoogleSearchPage$2(<generated>)
	at com.uiautomation.actions.GoogleSearchActions$$EnhancerByCGLIB$$6e462a0b$$FastClassByCGLIB$$e8c897c3.invoke(<generated>)
	at net.sf.cglib.proxy.MethodProxy.invokeSuper(MethodProxy.java:228)
	at net.thucydides.core.steps.StepInterceptor.invokeMethod(StepInterceptor.java:426)
	at net.thucydides.core.steps.StepInterceptor.executeTestStepMethod(StepInterceptor.java:411)
	at net.thucydides.core.steps.StepInterceptor.runTestStep(StepInterceptor.java:386)
	at net.thucydides.core.steps.StepInterceptor.testStepResult(StepInterceptor.java:134)
	at net.thucydides.core.steps.StepInterceptor.intercept(StepInterceptor.java:63)
	at com.uiautomation.actions.GoogleSearchActions$$EnhancerByCGLIB$$6e462a0b.openGoogleSearchPage(<generated>)
	at com.uiautomation.steps.GoogleSearchStep.iWantToSearchInGoogle(GoogleSearchStep.java:16)
	at sun.reflect.NativeMethodAccessorImpl.invoke0(Native Method)
	at sun.reflect.NativeMethodAccessorImpl.invoke(NativeMethodAccessorImpl.java:62)
	at sun.reflect.DelegatingMethodAccessorImpl.invoke(DelegatingMethodAccessorImpl.java:43)
	at java.lang.reflect.Method.invoke(Method.java:498)
	at cucumber.runtime.Utils$1.call(Utils.java:32)
	at cucumber.runtime.Timeout.timeout(Timeout.java:16)
	at cucumber.runtime.Utils.invoke(Utils.java:26)
	at cucumber.runtime.java.JavaStepDefinition.execute(JavaStepDefinition.java:37)
	at cucumber.runtime.StepDefinitionMatch.runStep(StepDefinitionMatch.java:40)
	at cucumber.api.TestStep.executeStep(TestStep.java:102)
	at cucumber.api.TestStep.run(TestStep.java:83)
	at cucumber.api.TestCase.run(TestCase.java:58)
	at cucumber.runner.Runner.runPickle(Runner.java:80)
	at cucumber.runtime.junit.PickleRunners$NoStepDescriptions.run(PickleRunners.java:140)
	at cucumber.runtime.junit.FeatureRunner.runChild(FeatureRunner.java:68)
	at cucumber.runtime.junit.FeatureRunner.runChild(FeatureRunner.java:23)
	at org.junit.runners.ParentRunner$3.run(ParentRunner.java:290)
	at org.junit.runners.ParentRunner$1.schedule(ParentRunner.java:71)
	at org.junit.runners.ParentRunner.runChildren(ParentRunner.java:288)
	at org.junit.runners.ParentRunner.access$000(ParentRunner.java:58)
	at org.junit.runners.ParentRunner$2.evaluate(ParentRunner.java:268)
	at org.junit.runners.ParentRunner.run(ParentRunner.java:363)
	at cucumber.runtime.junit.FeatureRunner.run(FeatureRunner.java:73)
	at cucumber.api.junit.Cucumber.runChild(Cucumber.java:99)
	at cucumber.api.junit.Cucumber.runChild(Cucumber.java:41)
	at org.junit.runners.ParentRunner$3.run(ParentRunner.java:290)
	at org.junit.runners.ParentRunner$1.schedule(ParentRunner.java:71)
	at org.junit.runners.ParentRunner.runChildren(ParentRunner.java:288)
	at org.junit.runners.ParentRunner.access$000(ParentRunner.java:58)
	at org.junit.runners.ParentRunner$2.evaluate(ParentRunner.java:268)
	at cucumber.api.junit.Cucumber$1.evaluate(Cucumber.java:108)
	at org.junit.runners.ParentRunner.run(ParentRunner.java:363)
	at org.apache.maven.surefire.junit4.JUnit4Provider.execute(JUnit4Provider.java:367)
	at org.apache.maven.surefire.junit4.JUnit4Provider.executeWithRerun(JUnit4Provider.java:274)
	at org.apache.maven.surefire.junit4.JUnit4Provider.executeTestSet(JUnit4Provider.java:238)
	at org.apache.maven.surefire.junit4.JUnit4Provider.invoke(JUnit4Provider.java:161)
	at org.apache.maven.surefire.booter.ForkedBooter.invokeProviderInSameClassLoader(ForkedBooter.java:290)
	at org.apache.maven.surefire.booter.ForkedBooter.runSuitesInProcess(ForkedBooter.java:242)
	at org.apache.maven.surefire.booter.ForkedBooter.main(ForkedBooter.java:121)
Caused by: org.openqa.selenium.WebDriverException: Timed out waiting for driver server to start.
Build info: version: '3.7.1', revision: '8a0099a', time: '2017-11-06T21:01:39.354Z'
System info: host: 'DVTPL001', ip: '10.48.113.3', os.name: 'Windows 7', os.arch: 'amd64', os.version: '6.1', java.version: '1.8.0_201'
Driver info: driver.version: ChromeDriver
	at org.openqa.selenium.remote.service.DriverService.waitUntilAvailable(DriverService.java:192)
	at org.openqa.selenium.remote.service.DriverService.start(DriverService.java:178)
	at org.openqa.selenium.remote.service.DriverCommandExecutor.execute(DriverCommandExecutor.java:79)
	at org.openqa.selenium.remote.RemoteWebDriver.execute(RemoteWebDriver.java:600)
	at org.openqa.selenium.remote.RemoteWebDriver.startSession(RemoteWebDriver.java:219)
	at org.openqa.selenium.remote.RemoteWebDriver.<init>(RemoteWebDriver.java:142)
	at org.openqa.selenium.chrome.ChromeDriver.<init>(ChromeDriver.java:181)
	at org.openqa.selenium.chrome.ChromeDriver.<init>(ChromeDriver.java:147)
	at net.serenitybdd.core.webdriver.servicepools.ChromeServicePool.newDriverInstance(ChromeServicePool.java:19)
	at net.serenitybdd.core.webdriver.servicepools.DriverServicePool.newDriver(DriverServicePool.java:77)
	at net.serenitybdd.core.webdriver.driverproviders.ChromeDriverProvider.newInstance(ChromeDriverProvider.java:48)
	at net.thucydides.core.webdriver.WebDriverFactory.newWebdriverInstance(WebDriverFactory.java:123)
	... 58 more
Caused by: org.openqa.selenium.net.UrlChecker$TimeoutException: Timed out waiting for [http://localhost:12541/status] to be available after 20000 ms
	at org.openqa.selenium.net.UrlChecker.waitUntilAvailable(UrlChecker.java:100)
	at org.openqa.selenium.remote.service.DriverService.waitUntilAvailable(DriverService.java:187)
	... 69 more
Caused by: java.util.concurrent.TimeoutException
	at java.util.concurrent.FutureTask.get(FutureTask.java:205)
	at com.google.common.util.concurrent.SimpleTimeLimiter.callWithTimeout(SimpleTimeLimiter.java:147)
	at org.openqa.selenium.net.UrlChecker.waitUntilAvailable(UrlChecker.java:75)
	... 70 more
[main] ERROR net.serenitybdd.core.Serenity - 
           __  _____ _____ ____ _____   _____ _    ___ _     _____ ____  
  _       / / |_   _| ____/ ___|_   _| |  ___/ \  |_ _| |   | ____|  _ \ 
 (_)_____| |    | | |  _| \___ \ | |   | |_ / _ \  | || |   |  _| | | | |
  _|_____| |    | | | |___ ___) || |   |  _/ ___ \ | || |___| |___| |_| |
 (_)     | |    |_| |_____|____/ |_|   |_|/_/   \_\___|_____|_____|____/ 
          \_\                                                            

TEST FAILED WITH ERROR: Google search multiple
---------------------------------------------------------------------
[main] ERROR net.serenitybdd.core.Serenity - TEST FAILED AT STEP Open google search page
[main] ERROR net.serenitybdd.core.Serenity - Could not instantiate new WebDriver instance of type class org.openqa.selenium.chrome.ChromeDriver (Timed out waiting for driver server to start.
]]></system-err>
  </testcase>
</testsuite>